<?xml version="1.0" encoding="UTF-8"?>
<testsuite xmlns:xsi="http://www.w3.org/2001/XMLSchema-instance" xsi:noNamespaceSchemaLocation="https://maven.apache.org/surefire/maven-surefire-plugin/xsd/surefire-test-report.xsd" version="3.0.2" name="projetoArtigos.demo.DemoApplicationTests" time="8.269" tests="1" errors="0" skipped="0" failures="0">
  <properties>
[...]
</properties>
  <testcase name="contextLoads" classname="projetoArtigos.demo.DemoApplicationTests" time="2.189">
    <system-out><![CDATA[09:59:50.081 [main] INFO org.springframework.test.context.support.AnnotationConfigContextLoaderUtils -- Could not detect default configuration classes for test class [projetoArtigos.demo.DemoApplicationTests]: DemoApplicationTests does not declare any static, non-private, non-final, nested classes annotated with @Configuration.
09:59:50.726 [main] INFO org.springframework.boot.test.context.SpringBootTestContextBootstrapper -- Found @SpringBootConfiguration projetoArtigos.demo.DemoApplication for test class projetoArtigos.demo.DemoApplicationTests
09:59:51.320 [main] INFO org.springframework.boot.devtools.restart.RestartApplicationListener -- Restart disabled due to context in which it is running

  .   ____          _            __ _ _
 /\\ / ___'_ __ _ _(_)_ __  __ _ \ \ \ \
( ( )\___ | '_ | '_| | '_ \/ _` | \ \ \ \
 \\/  ___)| |_)| | | | | || (_| |  ) ) ) )
  '  |____| .__|_| |_|_| |_\__, | / / / /
 =========|_|==============|___/=/_/_/_/

 :: Spring Boot ::                (v3.4.3)

2025-03-17T09:59:52.262-03:00  INFO 25360 --- [demo] [           main] p.demo.DemoApplicationTests              : Starting DemoApplicationTests using Java 17.0.12 with PID 25360 (started by d.a.vieira.da.silva in C:\Users\d.a.vieira.da.silva\Downloads\demo (1)\demo)
2025-03-17T09:59:52.269-03:00  INFO 25360 --- [demo] [           main] p.demo.DemoApplicationTests              : No active profile set, falling back to 1 default profile: "default"
2025-03-17T09:59:55.500-03:00  INFO 25360 --- [demo] [           main] p.demo.DemoApplicationTests              : Started DemoApplicationTests in 4.217 seconds (process running for 7.802)
]]></system-out>
  </testcase>
</testsuite>